<?xml version="1.0" encoding="UTF-8"?>
<testsuites name="Suite" time="193.691" tests="5" failures="0" errors="0">
   <testsuite name="Suite" tests="5" failures="0" errors="0" time="193.691" skipped="0" timestamp="14-02-2024T08:16:25" hostname="farizsidik - farizs-mbp-2.lan" id="Test Suites/Suite">
      <properties>
         <property name="deviceName" value="emulator-5554 (sdk_gphone64_arm64 - Android 14)"/>
         <property name="devicePlatform" value=""/>
         <property name="logFolder" value="/Users/farizsidik/git/katalon-finalmobile-farizsidik/Reports/20240214_081623/Suite/20240214_081623"/>
         <property name="logFiles" value="/Users/farizsidik/git/katalon-finalmobile-farizsidik/Reports/20240214_081623/Suite/20240214_081623/execution0.log, /Users/farizsidik/git/katalon-finalmobile-farizsidik/Reports/20240214_081623/Suite/20240214_081623/appium_error.log, /Users/farizsidik/git/katalon-finalmobile-farizsidik/Reports/20240214_081623/Suite/20240214_081623/appium.log"/>
         <property name="attachments" value=""/>
         <property name="hostName" value="farizsidik - farizs-mbp-2.lan"/>
         <property name="os" value="Mac OS X 64bit"/>
         <property name="appiumServerStatus" value="{&quot;value&quot;:{&quot;ready&quot;:true,&quot;message&quot;:&quot;The server is ready to accept new connections&quot;,&quot;build&quot;:{&quot;version&quot;:&quot;2.5.0&quot;}}}"/>
         <property name="katalonVersion" value="9.3.0.212"/>
         <property name="deviceOS" value="Android"/>
         <property name="appiumVersion" value="2.5.0"/>
         <property name="deviceModel" value="sdk_gphone64_arm64"/>
         <property name="hostAddress" value="192.168.110.191"/>
         <property name="deviceManufacturer" value="Google"/>
         <property name="deviceId" value="emulator-5554"/>
         <property name="deviceName" value="emulator-5554 (sdk_gphone64_arm64 - Android 14)"/>
         <property name="deviceOSVersion" value="14"/>
      </properties>
      <testcase name="Test Cases/TC-Login" time="40.208" classname="Test Cases/TC-Login" status="PASSED">
         <system-out><![CDATA[14-02-2024T08:16:25 - [TEST_CASE][PASSED] - Test Cases/TC-Login: Test Cases/TC-Login

14-02-2024T08:16:26 - [TEST_STEP][PASSED] - startApplication("/Users/farizsidik/Downloads/Advantage+demo+3.2.apk", true): Started app at: '/Users/farizsidik/Downloads/Advantage+demo+3.2.apk'

14-02-2024T08:16:26 - [MESSAGE][INFO] - Detected NodeJS location: "/usr/local/bin/node"

14-02-2024T08:16:26 - [MESSAGE][INFO] - PATH: /usr/bin:/bin:/usr/sbin:/sbin:/Applications/Katalon Studio Arm64.app/Contents/Eclipse/jre/Contents/Home/bin:/usr/local/bin/

14-02-2024T08:16:26 - [MESSAGE][INFO] - APPIUM_HOME: /Users/farizsidik/.appium

14-02-2024T08:16:26 - [MESSAGE][INFO] - appium outlog: /Users/farizsidik/git/katalon-finalmobile-farizsidik/Reports/20240214_081623/Suite/20240214_081623/appium.log

14-02-2024T08:16:26 - [MESSAGE][INFO] - appium errlog: /Users/farizsidik/git/katalon-finalmobile-farizsidik/Reports/20240214_081623/Suite/20240214_081623/appium_error.log

14-02-2024T08:16:28 - [MESSAGE][INFO] - Appium server started on port 52,932

14-02-2024T08:16:37 - [MESSAGE][PASSED] - Started app at: '/Users/farizsidik/Downloads/Advantage+demo+3.2.apk'

14-02-2024T08:16:37 - [TEST_STEP][PASSED] - tap(findTestObject("Object Repository/android.widget.ImageView"), 0): Tapped on element 'Object Repository/android.widget.ImageView'

14-02-2024T08:16:37 - [MESSAGE][WARNING] - Timeout '0' is invalid. Using default page load timeout: '30'

14-02-2024T08:16:40 - [MESSAGE][PASSED] - Tapped on element 'Object Repository/android.widget.ImageView'

14-02-2024T08:16:40 - [TEST_STEP][PASSED] - tap(findTestObject("Object Repository/android.widget.TextView - LOGIN"), 0): Tapped on element 'Object Repository/android.widget.TextView - LOGIN'

14-02-2024T08:16:40 - [MESSAGE][WARNING] - Timeout '0' is invalid. Using default page load timeout: '30'

14-02-2024T08:16:42 - [MESSAGE][PASSED] - Tapped on element 'Object Repository/android.widget.TextView - LOGIN'

14-02-2024T08:16:42 - [TEST_STEP][PASSED] - setText(findTestObject("Object Repository/Manual/android.widget.EditUsername"), username, 0): Text 'fariz' has been set to element 'Object Repository/Manual/android.widget.EditUsername'

14-02-2024T08:16:42 - [MESSAGE][WARNING] - Timeout '0' is invalid. Using default page load timeout: '30'

14-02-2024T08:16:45 - [MESSAGE][PASSED] - Text 'fariz' has been set to element 'Object Repository/Manual/android.widget.EditUsername'

14-02-2024T08:16:45 - [TEST_STEP][PASSED] - setText(findTestObject("Object Repository/Manual/android.widget.EditPassword"), password, 0): Text 'Password@1' has been set to element 'Object Repository/Manual/android.widget.EditPassword'

14-02-2024T08:16:45 - [MESSAGE][WARNING] - Timeout '0' is invalid. Using default page load timeout: '30'

14-02-2024T08:16:48 - [MESSAGE][PASSED] - Text 'Password@1' has been set to element 'Object Repository/Manual/android.widget.EditPassword'

14-02-2024T08:16:48 - [TEST_STEP][PASSED] - tap(findTestObject("Object Repository/android.widget.Button - LOGIN"), 0): Tapped on element 'Object Repository/android.widget.Button - LOGIN'

14-02-2024T08:16:48 - [MESSAGE][WARNING] - Timeout '0' is invalid. Using default page load timeout: '30'

14-02-2024T08:16:49 - [MESSAGE][PASSED] - Tapped on element 'Object Repository/android.widget.Button - LOGIN'

14-02-2024T08:16:49 - [TEST_STEP][PASSED] - tap(findTestObject("Object Repository/android.widget.Button - NO"), 0): Tapped on element 'Object Repository/android.widget.Button - NO'

14-02-2024T08:16:49 - [MESSAGE][WARNING] - Timeout '0' is invalid. Using default page load timeout: '30'

14-02-2024T08:16:52 - [MESSAGE][PASSED] - Tapped on element 'Object Repository/android.widget.Button - NO'

14-02-2024T08:16:52 - [TEST_STEP][PASSED] - tap(findTestObject("Object Repository/android.widget.ImageView"), 0): Tapped on element 'Object Repository/android.widget.ImageView'

14-02-2024T08:16:52 - [MESSAGE][WARNING] - Timeout '0' is invalid. Using default page load timeout: '30'

14-02-2024T08:16:53 - [MESSAGE][PASSED] - Tapped on element 'Object Repository/android.widget.ImageView'

14-02-2024T08:16:53 - [TEST_STEP][PASSED] - delay(10, STOP_ON_FAILURE): Delayed 10 second(s)

14-02-2024T08:17:03 - [MESSAGE][PASSED] - Delayed 10 second(s)

14-02-2024T08:17:03 - [TEST_STEP][PASSED] - closeApplication(): Close app successfully

14-02-2024T08:17:06 - [MESSAGE][PASSED] - Close app successfully]]></system-out>
         <system-err><![CDATA[]]></system-err>
      </testcase>
      <testcase name="Test Cases/TC-Login" time="37.597" classname="Test Cases/TC-Login" status="PASSED">
         <system-out><![CDATA[14-02-2024T08:17:06 - [TEST_CASE][PASSED] - Test Cases/TC-Login: Test Cases/TC-Login

14-02-2024T08:17:06 - [TEST_STEP][PASSED] - startApplication("/Users/farizsidik/Downloads/Advantage+demo+3.2.apk", true): Started app at: '/Users/farizsidik/Downloads/Advantage+demo+3.2.apk'

14-02-2024T08:17:06 - [MESSAGE][INFO] - Detected NodeJS location: "/usr/local/bin/node"

14-02-2024T08:17:06 - [MESSAGE][INFO] - PATH: /usr/bin:/bin:/usr/sbin:/sbin:/Applications/Katalon Studio Arm64.app/Contents/Eclipse/jre/Contents/Home/bin:/usr/local/bin/

14-02-2024T08:17:06 - [MESSAGE][INFO] - APPIUM_HOME: /Users/farizsidik/.appium

14-02-2024T08:17:06 - [MESSAGE][INFO] - appium outlog: /Users/farizsidik/git/katalon-finalmobile-farizsidik/Reports/20240214_081623/Suite/20240214_081623/appium.log

14-02-2024T08:17:06 - [MESSAGE][INFO] - appium errlog: /Users/farizsidik/git/katalon-finalmobile-farizsidik/Reports/20240214_081623/Suite/20240214_081623/appium_error.log

14-02-2024T08:17:08 - [MESSAGE][INFO] - Appium server started on port 53,092

14-02-2024T08:17:16 - [MESSAGE][PASSED] - Started app at: '/Users/farizsidik/Downloads/Advantage+demo+3.2.apk'

14-02-2024T08:17:16 - [TEST_STEP][PASSED] - tap(findTestObject("Object Repository/android.widget.ImageView"), 0): Tapped on element 'Object Repository/android.widget.ImageView'

14-02-2024T08:17:16 - [MESSAGE][WARNING] - Timeout '0' is invalid. Using default page load timeout: '30'

14-02-2024T08:17:19 - [MESSAGE][PASSED] - Tapped on element 'Object Repository/android.widget.ImageView'

14-02-2024T08:17:19 - [TEST_STEP][PASSED] - tap(findTestObject("Object Repository/android.widget.TextView - LOGIN"), 0): Tapped on element 'Object Repository/android.widget.TextView - LOGIN'

14-02-2024T08:17:19 - [MESSAGE][WARNING] - Timeout '0' is invalid. Using default page load timeout: '30'

14-02-2024T08:17:21 - [MESSAGE][PASSED] - Tapped on element 'Object Repository/android.widget.TextView - LOGIN'

14-02-2024T08:17:21 - [TEST_STEP][PASSED] - setText(findTestObject("Object Repository/Manual/android.widget.EditUsername"), username, 0): Text 'fariz1' has been set to element 'Object Repository/Manual/android.widget.EditUsername'

14-02-2024T08:17:21 - [MESSAGE][WARNING] - Timeout '0' is invalid. Using default page load timeout: '30'

14-02-2024T08:17:24 - [MESSAGE][PASSED] - Text 'fariz1' has been set to element 'Object Repository/Manual/android.widget.EditUsername'

14-02-2024T08:17:24 - [TEST_STEP][PASSED] - setText(findTestObject("Object Repository/Manual/android.widget.EditPassword"), password, 0): Text 'Password@1' has been set to element 'Object Repository/Manual/android.widget.EditPassword'

14-02-2024T08:17:24 - [MESSAGE][WARNING] - Timeout '0' is invalid. Using default page load timeout: '30'

14-02-2024T08:17:26 - [MESSAGE][PASSED] - Text 'Password@1' has been set to element 'Object Repository/Manual/android.widget.EditPassword'

14-02-2024T08:17:26 - [TEST_STEP][PASSED] - tap(findTestObject("Object Repository/android.widget.Button - LOGIN"), 0): Tapped on element 'Object Repository/android.widget.Button - LOGIN'

14-02-2024T08:17:26 - [MESSAGE][WARNING] - Timeout '0' is invalid. Using default page load timeout: '30'

14-02-2024T08:17:28 - [MESSAGE][PASSED] - Tapped on element 'Object Repository/android.widget.Button - LOGIN'

14-02-2024T08:17:28 - [TEST_STEP][PASSED] - tap(findTestObject("Object Repository/android.widget.Button - NO"), 0): Tapped on element 'Object Repository/android.widget.Button - NO'

14-02-2024T08:17:28 - [MESSAGE][WARNING] - Timeout '0' is invalid. Using default page load timeout: '30'

14-02-2024T08:17:29 - [MESSAGE][PASSED] - Tapped on element 'Object Repository/android.widget.Button - NO'

14-02-2024T08:17:29 - [TEST_STEP][PASSED] - tap(findTestObject("Object Repository/android.widget.ImageView"), 0): Tapped on element 'Object Repository/android.widget.ImageView'

14-02-2024T08:17:29 - [MESSAGE][WARNING] - Timeout '0' is invalid. Using default page load timeout: '30'

14-02-2024T08:17:31 - [MESSAGE][PASSED] - Tapped on element 'Object Repository/android.widget.ImageView'

14-02-2024T08:17:31 - [TEST_STEP][PASSED] - delay(10, STOP_ON_FAILURE): Delayed 10 second(s)

14-02-2024T08:17:41 - [MESSAGE][PASSED] - Delayed 10 second(s)

14-02-2024T08:17:41 - [TEST_STEP][PASSED] - closeApplication(): Close app successfully

14-02-2024T08:17:43 - [MESSAGE][PASSED] - Close app successfully]]></system-out>
         <system-err><![CDATA[]]></system-err>
      </testcase>
      <testcase name="Test Cases/TC-Login" time="38.79" classname="Test Cases/TC-Login" status="PASSED">
         <system-out><![CDATA[14-02-2024T08:17:43 - [TEST_CASE][PASSED] - Test Cases/TC-Login: Test Cases/TC-Login

14-02-2024T08:17:43 - [TEST_STEP][PASSED] - startApplication("/Users/farizsidik/Downloads/Advantage+demo+3.2.apk", true): Started app at: '/Users/farizsidik/Downloads/Advantage+demo+3.2.apk'

14-02-2024T08:17:43 - [MESSAGE][INFO] - Detected NodeJS location: "/usr/local/bin/node"

14-02-2024T08:17:43 - [MESSAGE][INFO] - PATH: /usr/bin:/bin:/usr/sbin:/sbin:/Applications/Katalon Studio Arm64.app/Contents/Eclipse/jre/Contents/Home/bin:/usr/local/bin/

14-02-2024T08:17:43 - [MESSAGE][INFO] - APPIUM_HOME: /Users/farizsidik/.appium

14-02-2024T08:17:43 - [MESSAGE][INFO] - appium outlog: /Users/farizsidik/git/katalon-finalmobile-farizsidik/Reports/20240214_081623/Suite/20240214_081623/appium.log

14-02-2024T08:17:43 - [MESSAGE][INFO] - appium errlog: /Users/farizsidik/git/katalon-finalmobile-farizsidik/Reports/20240214_081623/Suite/20240214_081623/appium_error.log

14-02-2024T08:17:46 - [MESSAGE][INFO] - Appium server started on port 53,248

14-02-2024T08:17:53 - [MESSAGE][PASSED] - Started app at: '/Users/farizsidik/Downloads/Advantage+demo+3.2.apk'

14-02-2024T08:17:53 - [TEST_STEP][PASSED] - tap(findTestObject("Object Repository/android.widget.ImageView"), 0): Tapped on element 'Object Repository/android.widget.ImageView'

14-02-2024T08:17:53 - [MESSAGE][WARNING] - Timeout '0' is invalid. Using default page load timeout: '30'

14-02-2024T08:17:56 - [MESSAGE][PASSED] - Tapped on element 'Object Repository/android.widget.ImageView'

14-02-2024T08:17:56 - [TEST_STEP][PASSED] - tap(findTestObject("Object Repository/android.widget.TextView - LOGIN"), 0): Tapped on element 'Object Repository/android.widget.TextView - LOGIN'

14-02-2024T08:17:56 - [MESSAGE][WARNING] - Timeout '0' is invalid. Using default page load timeout: '30'

14-02-2024T08:17:58 - [MESSAGE][PASSED] - Tapped on element 'Object Repository/android.widget.TextView - LOGIN'

14-02-2024T08:17:58 - [TEST_STEP][PASSED] - setText(findTestObject("Object Repository/Manual/android.widget.EditUsername"), username, 0): Text 'fariz2' has been set to element 'Object Repository/Manual/android.widget.EditUsername'

14-02-2024T08:17:58 - [MESSAGE][WARNING] - Timeout '0' is invalid. Using default page load timeout: '30'

14-02-2024T08:18:02 - [MESSAGE][PASSED] - Text 'fariz2' has been set to element 'Object Repository/Manual/android.widget.EditUsername'

14-02-2024T08:18:02 - [TEST_STEP][PASSED] - setText(findTestObject("Object Repository/Manual/android.widget.EditPassword"), password, 0): Text 'Password@1' has been set to element 'Object Repository/Manual/android.widget.EditPassword'

14-02-2024T08:18:02 - [MESSAGE][WARNING] - Timeout '0' is invalid. Using default page load timeout: '30'

14-02-2024T08:18:04 - [MESSAGE][PASSED] - Text 'Password@1' has been set to element 'Object Repository/Manual/android.widget.EditPassword'

14-02-2024T08:18:04 - [TEST_STEP][PASSED] - tap(findTestObject("Object Repository/android.widget.Button - LOGIN"), 0): Tapped on element 'Object Repository/android.widget.Button - LOGIN'

14-02-2024T08:18:04 - [MESSAGE][WARNING] - Timeout '0' is invalid. Using default page load timeout: '30'

14-02-2024T08:18:05 - [MESSAGE][PASSED] - Tapped on element 'Object Repository/android.widget.Button - LOGIN'

14-02-2024T08:18:05 - [TEST_STEP][PASSED] - tap(findTestObject("Object Repository/android.widget.Button - NO"), 0): Tapped on element 'Object Repository/android.widget.Button - NO'

14-02-2024T08:18:05 - [MESSAGE][WARNING] - Timeout '0' is invalid. Using default page load timeout: '30'

14-02-2024T08:18:07 - [MESSAGE][PASSED] - Tapped on element 'Object Repository/android.widget.Button - NO'

14-02-2024T08:18:07 - [TEST_STEP][PASSED] - tap(findTestObject("Object Repository/android.widget.ImageView"), 0): Tapped on element 'Object Repository/android.widget.ImageView'

14-02-2024T08:18:07 - [MESSAGE][WARNING] - Timeout '0' is invalid. Using default page load timeout: '30'

14-02-2024T08:18:10 - [MESSAGE][PASSED] - Tapped on element 'Object Repository/android.widget.ImageView'

14-02-2024T08:18:10 - [TEST_STEP][PASSED] - delay(10, STOP_ON_FAILURE): Delayed 10 second(s)

14-02-2024T08:18:20 - [MESSAGE][PASSED] - Delayed 10 second(s)

14-02-2024T08:18:20 - [TEST_STEP][PASSED] - closeApplication(): Close app successfully

14-02-2024T08:18:22 - [MESSAGE][PASSED] - Close app successfully]]></system-out>
         <system-err><![CDATA[]]></system-err>
      </testcase>
      <testcase name="Test Cases/TC-Login" time="38.505" classname="Test Cases/TC-Login" status="PASSED">
         <system-out><![CDATA[14-02-2024T08:18:22 - [TEST_CASE][PASSED] - Test Cases/TC-Login: Test Cases/TC-Login

14-02-2024T08:18:22 - [TEST_STEP][PASSED] - startApplication("/Users/farizsidik/Downloads/Advantage+demo+3.2.apk", true): Started app at: '/Users/farizsidik/Downloads/Advantage+demo+3.2.apk'

14-02-2024T08:18:22 - [MESSAGE][INFO] - Detected NodeJS location: "/usr/local/bin/node"

14-02-2024T08:18:22 - [MESSAGE][INFO] - PATH: /usr/bin:/bin:/usr/sbin:/sbin:/Applications/Katalon Studio Arm64.app/Contents/Eclipse/jre/Contents/Home/bin:/usr/local/bin/

14-02-2024T08:18:22 - [MESSAGE][INFO] - APPIUM_HOME: /Users/farizsidik/.appium

14-02-2024T08:18:22 - [MESSAGE][INFO] - appium outlog: /Users/farizsidik/git/katalon-finalmobile-farizsidik/Reports/20240214_081623/Suite/20240214_081623/appium.log

14-02-2024T08:18:22 - [MESSAGE][INFO] - appium errlog: /Users/farizsidik/git/katalon-finalmobile-farizsidik/Reports/20240214_081623/Suite/20240214_081623/appium_error.log

14-02-2024T08:18:24 - [MESSAGE][INFO] - Appium server started on port 53,413

14-02-2024T08:18:32 - [MESSAGE][PASSED] - Started app at: '/Users/farizsidik/Downloads/Advantage+demo+3.2.apk'

14-02-2024T08:18:32 - [TEST_STEP][PASSED] - tap(findTestObject("Object Repository/android.widget.ImageView"), 0): Tapped on element 'Object Repository/android.widget.ImageView'

14-02-2024T08:18:32 - [MESSAGE][WARNING] - Timeout '0' is invalid. Using default page load timeout: '30'

14-02-2024T08:18:35 - [MESSAGE][PASSED] - Tapped on element 'Object Repository/android.widget.ImageView'

14-02-2024T08:18:35 - [TEST_STEP][PASSED] - tap(findTestObject("Object Repository/android.widget.TextView - LOGIN"), 0): Tapped on element 'Object Repository/android.widget.TextView - LOGIN'

14-02-2024T08:18:35 - [MESSAGE][WARNING] - Timeout '0' is invalid. Using default page load timeout: '30'

14-02-2024T08:18:38 - [MESSAGE][PASSED] - Tapped on element 'Object Repository/android.widget.TextView - LOGIN'

14-02-2024T08:18:38 - [TEST_STEP][PASSED] - setText(findTestObject("Object Repository/Manual/android.widget.EditUsername"), username, 0): Text 'fariz3' has been set to element 'Object Repository/Manual/android.widget.EditUsername'

14-02-2024T08:18:38 - [MESSAGE][WARNING] - Timeout '0' is invalid. Using default page load timeout: '30'

14-02-2024T08:18:40 - [MESSAGE][PASSED] - Text 'fariz3' has been set to element 'Object Repository/Manual/android.widget.EditUsername'

14-02-2024T08:18:40 - [TEST_STEP][PASSED] - setText(findTestObject("Object Repository/Manual/android.widget.EditPassword"), password, 0): Text 'Password@1' has been set to element 'Object Repository/Manual/android.widget.EditPassword'

14-02-2024T08:18:40 - [MESSAGE][WARNING] - Timeout '0' is invalid. Using default page load timeout: '30'

14-02-2024T08:18:43 - [MESSAGE][PASSED] - Text 'Password@1' has been set to element 'Object Repository/Manual/android.widget.EditPassword'

14-02-2024T08:18:43 - [TEST_STEP][PASSED] - tap(findTestObject("Object Repository/android.widget.Button - LOGIN"), 0): Tapped on element 'Object Repository/android.widget.Button - LOGIN'

14-02-2024T08:18:43 - [MESSAGE][WARNING] - Timeout '0' is invalid. Using default page load timeout: '30'

14-02-2024T08:18:44 - [MESSAGE][PASSED] - Tapped on element 'Object Repository/android.widget.Button - LOGIN'

14-02-2024T08:18:44 - [TEST_STEP][PASSED] - tap(findTestObject("Object Repository/android.widget.Button - NO"), 0): Tapped on element 'Object Repository/android.widget.Button - NO'

14-02-2024T08:18:44 - [MESSAGE][WARNING] - Timeout '0' is invalid. Using default page load timeout: '30'

14-02-2024T08:18:46 - [MESSAGE][PASSED] - Tapped on element 'Object Repository/android.widget.Button - NO'

14-02-2024T08:18:46 - [TEST_STEP][PASSED] - tap(findTestObject("Object Repository/android.widget.ImageView"), 0): Tapped on element 'Object Repository/android.widget.ImageView'

14-02-2024T08:18:46 - [MESSAGE][WARNING] - Timeout '0' is invalid. Using default page load timeout: '30'

14-02-2024T08:18:48 - [MESSAGE][PASSED] - Tapped on element 'Object Repository/android.widget.ImageView'

14-02-2024T08:18:48 - [TEST_STEP][PASSED] - delay(10, STOP_ON_FAILURE): Delayed 10 second(s)

14-02-2024T08:18:58 - [MESSAGE][PASSED] - Delayed 10 second(s)

14-02-2024T08:18:58 - [TEST_STEP][PASSED] - closeApplication(): Close app successfully

14-02-2024T08:19:01 - [MESSAGE][PASSED] - Close app successfully]]></system-out>
         <system-err><![CDATA[]]></system-err>
      </testcase>
      <testcase name="Test Cases/TC-Login" time="38.392" classname="Test Cases/TC-Login" status="PASSED">
         <system-out><![CDATA[14-02-2024T08:19:01 - [TEST_CASE][PASSED] - Test Cases/TC-Login: Test Cases/TC-Login

14-02-2024T08:19:01 - [TEST_STEP][PASSED] - startApplication("/Users/farizsidik/Downloads/Advantage+demo+3.2.apk", true): Started app at: '/Users/farizsidik/Downloads/Advantage+demo+3.2.apk'

14-02-2024T08:19:01 - [MESSAGE][INFO] - Detected NodeJS location: "/usr/local/bin/node"

14-02-2024T08:19:01 - [MESSAGE][INFO] - PATH: /usr/bin:/bin:/usr/sbin:/sbin:/Applications/Katalon Studio Arm64.app/Contents/Eclipse/jre/Contents/Home/bin:/usr/local/bin/

14-02-2024T08:19:01 - [MESSAGE][INFO] - APPIUM_HOME: /Users/farizsidik/.appium

14-02-2024T08:19:01 - [MESSAGE][INFO] - appium outlog: /Users/farizsidik/git/katalon-finalmobile-farizsidik/Reports/20240214_081623/Suite/20240214_081623/appium.log

14-02-2024T08:19:01 - [MESSAGE][INFO] - appium errlog: /Users/farizsidik/git/katalon-finalmobile-farizsidik/Reports/20240214_081623/Suite/20240214_081623/appium_error.log

14-02-2024T08:19:03 - [MESSAGE][INFO] - Appium server started on port 53,571

14-02-2024T08:19:11 - [MESSAGE][PASSED] - Started app at: '/Users/farizsidik/Downloads/Advantage+demo+3.2.apk'

14-02-2024T08:19:11 - [TEST_STEP][PASSED] - tap(findTestObject("Object Repository/android.widget.ImageView"), 0): Tapped on element 'Object Repository/android.widget.ImageView'

14-02-2024T08:19:11 - [MESSAGE][WARNING] - Timeout '0' is invalid. Using default page load timeout: '30'

14-02-2024T08:19:15 - [MESSAGE][PASSED] - Tapped on element 'Object Repository/android.widget.ImageView'

14-02-2024T08:19:15 - [TEST_STEP][PASSED] - tap(findTestObject("Object Repository/android.widget.TextView - LOGIN"), 0): Tapped on element 'Object Repository/android.widget.TextView - LOGIN'

14-02-2024T08:19:15 - [MESSAGE][WARNING] - Timeout '0' is invalid. Using default page load timeout: '30'

14-02-2024T08:19:16 - [MESSAGE][PASSED] - Tapped on element 'Object Repository/android.widget.TextView - LOGIN'

14-02-2024T08:19:16 - [TEST_STEP][PASSED] - setText(findTestObject("Object Repository/Manual/android.widget.EditUsername"), username, 0): Text 'fariz4' has been set to element 'Object Repository/Manual/android.widget.EditUsername'

14-02-2024T08:19:16 - [MESSAGE][WARNING] - Timeout '0' is invalid. Using default page load timeout: '30'

14-02-2024T08:19:19 - [MESSAGE][PASSED] - Text 'fariz4' has been set to element 'Object Repository/Manual/android.widget.EditUsername'

14-02-2024T08:19:19 - [TEST_STEP][PASSED] - setText(findTestObject("Object Repository/Manual/android.widget.EditPassword"), password, 0): Text 'Password@1' has been set to element 'Object Repository/Manual/android.widget.EditPassword'

14-02-2024T08:19:19 - [MESSAGE][WARNING] - Timeout '0' is invalid. Using default page load timeout: '30'

14-02-2024T08:19:22 - [MESSAGE][PASSED] - Text 'Password@1' has been set to element 'Object Repository/Manual/android.widget.EditPassword'

14-02-2024T08:19:22 - [TEST_STEP][PASSED] - tap(findTestObject("Object Repository/android.widget.Button - LOGIN"), 0): Tapped on element 'Object Repository/android.widget.Button - LOGIN'

14-02-2024T08:19:22 - [MESSAGE][WARNING] - Timeout '0' is invalid. Using default page load timeout: '30'

14-02-2024T08:19:23 - [MESSAGE][PASSED] - Tapped on element 'Object Repository/android.widget.Button - LOGIN'

14-02-2024T08:19:23 - [TEST_STEP][PASSED] - tap(findTestObject("Object Repository/android.widget.Button - NO"), 0): Tapped on element 'Object Repository/android.widget.Button - NO'

14-02-2024T08:19:23 - [MESSAGE][WARNING] - Timeout '0' is invalid. Using default page load timeout: '30'

14-02-2024T08:19:25 - [MESSAGE][PASSED] - Tapped on element 'Object Repository/android.widget.Button - NO'

14-02-2024T08:19:25 - [TEST_STEP][PASSED] - tap(findTestObject("Object Repository/android.widget.ImageView"), 0): Tapped on element 'Object Repository/android.widget.ImageView'

14-02-2024T08:19:25 - [MESSAGE][WARNING] - Timeout '0' is invalid. Using default page load timeout: '30'

14-02-2024T08:19:26 - [MESSAGE][PASSED] - Tapped on element 'Object Repository/android.widget.ImageView'

14-02-2024T08:19:26 - [TEST_STEP][PASSED] - delay(10, STOP_ON_FAILURE): Delayed 10 second(s)

14-02-2024T08:19:36 - [MESSAGE][PASSED] - Delayed 10 second(s)

14-02-2024T08:19:36 - [TEST_STEP][PASSED] - closeApplication(): Close app successfully

14-02-2024T08:19:39 - [MESSAGE][PASSED] - Close app successfully]]></system-out>
         <system-err><![CDATA[]]></system-err>
      </testcase>
      <system-out><![CDATA[14-02-2024T08:16:25 - [TEST_SUITE][PASSED] - Suite: Test Cases/TC-Login]]></system-out>
      <system-err><![CDATA[]]></system-err>
   </testsuite>
</testsuites>
